PowerPlay Power Analyzer report for mycpu
Thu Apr  9 12:42:11 2015
Quartus II 64-Bit Version 14.0.0 Build 200 06/17/2014 SJ Web Edition


---------------------
; Table of Contents ;
---------------------
  1. Legal Notice
  2. PowerPlay Power Analyzer Summary
  3. PowerPlay Power Analyzer Settings
  4. Indeterminate Toggle Rates
  5. Operating Conditions Used
  6. Thermal Power Dissipation by Block
  7. Thermal Power Dissipation by Block Type
  8. Thermal Power Dissipation by Hierarchy
  9. Core Dynamic Thermal Power Dissipation by Clock Domain
 10. Current Drawn from Voltage Supplies Summary
 11. VCCIO Supply Current Drawn by I/O Bank
 12. VCCIO Supply Current Drawn by Voltage
 13. Confidence Metric Details
 14. Signal Activities
 15. PowerPlay Power Analyzer Messages



----------------
; Legal Notice ;
----------------
Copyright (C) 1991-2014 Altera Corporation. All rights reserved.
Your use of Altera Corporation's design tools, logic functions 
and other software and tools, and its AMPP partner logic 
functions, and any output files from any of the foregoing 
(including device programming or simulation files), and any 
associated documentation or information are expressly subject 
to the terms and conditions of the Altera Program License 
Subscription Agreement, the Altera Quartus II License Agreement,
the Altera MegaCore Function License Agreement, or other 
applicable license agreement, including, without limitation, 
that your use is for the sole purpose of programming logic 
devices manufactured by Altera and sold by Altera or its 
authorized distributors.  Please refer to the applicable 
agreement for further details.



+-------------------------------------------------------------------------------------------+
; PowerPlay Power Analyzer Summary                                                          ;
+----------------------------------------+--------------------------------------------------+
; PowerPlay Power Analyzer Status        ; Successful - Thu Apr  9 12:42:11 2015            ;
; Quartus II 64-Bit Version              ; 14.0.0 Build 200 06/17/2014 SJ Web Edition       ;
; Revision Name                          ; mycpu                                            ;
; Top-level Entity Name                  ; mycpu                                            ;
; Family                                 ; Cyclone IV E                                     ;
; Device                                 ; EP4CE22F17C6                                     ;
; Power Models                           ; Final                                            ;
; Total Thermal Power Dissipation        ; 106.72 mW                                        ;
; Core Dynamic Thermal Power Dissipation ; 0.54 mW                                          ;
; Core Static Thermal Power Dissipation  ; 77.48 mW                                         ;
; I/O Thermal Power Dissipation          ; 28.70 mW                                         ;
; Power Estimation Confidence            ; Low: user provided insufficient toggle rate data ;
+----------------------------------------+--------------------------------------------------+


+------------------------------------------------------------------------------------------------------------------------------------+
; PowerPlay Power Analyzer Settings                                                                                                  ;
+----------------------------------------------------------------------------+---------------------------------------+---------------+
; Option                                                                     ; Setting                               ; Default Value ;
+----------------------------------------------------------------------------+---------------------------------------+---------------+
; Use smart compilation                                                      ; On                                    ; Off           ;
; Enable parallel Assembler and TimeQuest Timing Analyzer during compilation ; On                                    ; On            ;
; Enable compact report table                                                ; Off                                   ; Off           ;
; Default Power Input I/O Toggle Rate                                        ; 12.5%                                 ; 12.5%         ;
; Preset Cooling Solution                                                    ; 23 MM HEAT SINK WITH 200 LFPM AIRFLOW ;               ;
; Board thermal model                                                        ; None (CONSERVATIVE)                   ;               ;
; Default Power Toggle Rate                                                  ; 12.5%                                 ; 12.5%         ;
; Use vectorless estimation                                                  ; On                                    ; On            ;
; Use Input Files                                                            ; Off                                   ; Off           ;
; Filter Glitches in VCD File Reader                                         ; On                                    ; On            ;
; Power Analyzer Report Signal Activity                                      ; Off                                   ; Off           ;
; Power Analyzer Report Power Dissipation                                    ; Off                                   ; Off           ;
; Device Power Characteristics                                               ; TYPICAL                               ; TYPICAL       ;
; Automatically Compute Junction Temperature                                 ; On                                    ; On            ;
; Specified Junction Temperature                                             ; 25                                    ; 25            ;
; Ambient Temperature                                                        ; 25                                    ; 25            ;
; Use Custom Cooling Solution                                                ; Off                                   ; Off           ;
; Board Temperature                                                          ; 25                                    ; 25            ;
+----------------------------------------------------------------------------+---------------------------------------+---------------+


+----------------------------------------+
; Indeterminate Toggle Rates             ;
+----------+-----------------------------+
; Node     ; Reason                      ;
+----------+-----------------------------+
; KEY[1]   ; No valid clock domain found ;
; CLOCK_50 ; No valid clock domain found ;
; KEY[0]   ; No valid clock domain found ;
+----------+-----------------------------+


+-------------------------------------------------------------------------+
; Operating Conditions Used                                               ;
+---------------------------------------------+---------------------------+
; Setting                                     ; Value                     ;
+---------------------------------------------+---------------------------+
; Device power characteristics                ; Typical                   ;
;                                             ;                           ;
; Voltages                                    ;                           ;
;     VCCINT                                  ; 1.20 V                    ;
;     VCCA                                    ; 2.50 V                    ;
;     VCCD                                    ; 1.20 V                    ;
;     3.3-V LVTTL I/O Standard                ; 3.3 V                     ;
;     2.5 V I/O Standard                      ; 2.5 V                     ;
;                                             ;                           ;
; Auto computed junction temperature          ; 26.2 degrees Celsius      ;
;     Ambient temperature                     ; 25.0 degrees Celsius      ;
;     Junction-to-Case thermal resistance     ; 6.50 degrees Celsius/Watt ;
;     Case-to-Heat Sink thermal resistance    ; 0.10 degrees Celsius/Watt ;
;     Heat Sink-to-Ambient thermal resistance ; 4.30 degrees Celsius/Watt ;
;                                             ;                           ;
; Board model used                            ; None                      ;
+---------------------------------------------+---------------------------+


+----------------------------------------------------------------------------------------------------------------------------------------------+
; Thermal Power Dissipation by Block                                                                                                           ;
+------------+------------+---------------------+-----------------------------+--------------------------------+-------------------------------+
; Block Name ; Block Type ; Total Thermal Power ; Block Thermal Dynamic Power ; Block Thermal Static Power (1) ; Routing Thermal Dynamic Power ;
+------------+------------+---------------------+-----------------------------+--------------------------------+-------------------------------+
(1) The "Thermal Power Dissipation by Block" Table has been hidden. To show this table, please select the "Write power dissipation by block to report file" option under "PowerPlay Power Analyzer Settings".


+--------------------------------------------------------------------------------------------------------------------------------------------------------------------------------------------------------------------+
; Thermal Power Dissipation by Block Type                                                                                                                                                                            ;
+---------------------+-----------------------------------+-----------------------------+--------------------------------+-------------------------------+-----------------------------------------------------------+
; Block Type          ; Total Thermal Power by Block Type ; Block Thermal Dynamic Power ; Block Thermal Static Power (1) ; Routing Thermal Dynamic Power ; Block Average Toggle Rate (millions of transitions / sec) ;
+---------------------+-----------------------------------+-----------------------------+--------------------------------+-------------------------------+-----------------------------------------------------------+
; JTAG                ; 0.01 mW                           ; 0.00 mW                     ; --                             ; 0.01 mW                       ;    6.875                                                  ;
; M9K                 ; 0.09 mW                           ; 0.08 mW                     ; --                             ; 0.00 mW                       ;    0.323                                                  ;
; Combinational cell  ; 0.04 mW                           ; 0.03 mW                     ; --                             ; 0.01 mW                       ;    0.332                                                  ;
; Clock control block ; 0.26 mW                           ; 0.00 mW                     ; --                             ; 0.26 mW                       ;    6.667                                                  ;
; Register cell       ; 0.14 mW                           ; 0.10 mW                     ; --                             ; 0.04 mW                       ;    0.615                                                  ;
; I/O register        ; 0.00 mW                           ; 0.00 mW                     ; --                             ; 0.00 mW                       ;    0.000                                                  ;
; I/O                 ; 5.30 mW                           ; 0.14 mW                     ; 5.15 mW                        ; 0.00 mW                       ;    1.375                                                  ;
+---------------------+-----------------------------------+-----------------------------+--------------------------------+-------------------------------+-----------------------------------------------------------+
(1) The "Block Thermal Static Power" for all block types except Pins and the Voltage Regulator, if one exists, is part of the "Core Static Thermal Power Dissipation" value found on the PowerPlay Power Analyzer-->Summary report panel. The "Core Static Thermal Power Dissipation" also contains the thermal static power dissipated by the routing.


+---------------------------------------------------------------------------------------------------------------------------------------------------------------------------------------------------------------------------------------------------------------------------------------------------------------------------------------------------------------------------------------------+
; Thermal Power Dissipation by Hierarchy                                                                                                                                                                                                                                                                                                                                                      ;
+-------------------------------------------------------------------------------+--------------------------------------+---------------------------------+-----------------------------------+-----------------------------------+------------------------------------------------------------------------------------------------------------------------------------------------------------+
; Compilation Hierarchy Node                                                    ; Total Thermal Power by Hierarchy (1) ; Block Thermal Dynamic Power (1) ; Block Thermal Static Power (1)(2) ; Routing Thermal Dynamic Power (1) ; Full Hierarchy Name                                                                                                                                        ;
+-------------------------------------------------------------------------------+--------------------------------------+---------------------------------+-----------------------------------+-----------------------------------+------------------------------------------------------------------------------------------------------------------------------------------------------------+
; |mycpu                                                                        ; 5.84 mW (5.57 mW)                    ; 0.36 mW (0.14 mW)               ; 5.15 mW (5.15 mW)                 ; 0.32 mW (0.27 mW)                 ; |mycpu                                                                                                                                                     ;
;     |hard_block:auto_generated_inst                                           ; 0.00 mW (0.00 mW)                    ; 0.00 mW (0.00 mW)               ; --                                ; 0.00 mW (0.00 mW)                 ; |mycpu|hard_block:auto_generated_inst                                                                                                                      ;
;     |sld_hub:auto_hub                                                         ; 0.12 mW (0.00 mW)                    ; 0.09 mW (0.00 mW)               ; --                                ; 0.03 mW (0.00 mW)                 ; |mycpu|sld_hub:auto_hub                                                                                                                                    ;
;         |sld_jtag_hub:\jtag_hub_gen:sld_jtag_hub_inst                         ; 0.12 mW (0.08 mW)                    ; 0.09 mW (0.06 mW)               ; --                                ; 0.03 mW (0.02 mW)                 ; |mycpu|sld_hub:auto_hub|sld_jtag_hub:\jtag_hub_gen:sld_jtag_hub_inst                                                                                       ;
;             |sld_rom_sr:hub_info_reg                                          ; 0.02 mW (0.02 mW)                    ; 0.01 mW (0.01 mW)               ; --                                ; 0.00 mW (0.00 mW)                 ; |mycpu|sld_hub:auto_hub|sld_jtag_hub:\jtag_hub_gen:sld_jtag_hub_inst|sld_rom_sr:hub_info_reg                                                               ;
;             |sld_shadow_jsm:shadow_jsm                                        ; 0.02 mW (0.02 mW)                    ; 0.02 mW (0.02 mW)               ; --                                ; 0.01 mW (0.01 mW)                 ; |mycpu|sld_hub:auto_hub|sld_jtag_hub:\jtag_hub_gen:sld_jtag_hub_inst|sld_shadow_jsm:shadow_jsm                                                             ;
;         |sld_jtag_interface_mod:\jtag_inteface_mod_gen:device_family_mod_inst ; 0.00 mW (0.00 mW)                    ; 0.00 mW (0.00 mW)               ; --                                ; 0.00 mW (0.00 mW)                 ; |mycpu|sld_hub:auto_hub|sld_jtag_interface_mod:\jtag_inteface_mod_gen:device_family_mod_inst                                                               ;
;     |ram:ram                                                                  ; 0.15 mW (0.00 mW)                    ; 0.13 mW (0.00 mW)               ; --                                ; 0.02 mW (0.00 mW)                 ; |mycpu|ram:ram                                                                                                                                             ;
;         |altsyncram:altsyncram_component                                      ; 0.15 mW (0.00 mW)                    ; 0.13 mW (0.00 mW)               ; --                                ; 0.02 mW (0.00 mW)                 ; |mycpu|ram:ram|altsyncram:altsyncram_component                                                                                                             ;
;             |altsyncram_18d1:auto_generated                                   ; 0.15 mW (0.00 mW)                    ; 0.13 mW (0.00 mW)               ; --                                ; 0.02 mW (0.00 mW)                 ; |mycpu|ram:ram|altsyncram:altsyncram_component|altsyncram_18d1:auto_generated                                                                              ;
;                 |altsyncram_pne2:altsyncram1                                  ; 0.09 mW (0.09 mW)                    ; 0.08 mW (0.08 mW)               ; --                                ; 0.00 mW (0.00 mW)                 ; |mycpu|ram:ram|altsyncram:altsyncram_component|altsyncram_18d1:auto_generated|altsyncram_pne2:altsyncram1                                                  ;
;                 |sld_mod_ram_rom:mgl_prim2                                    ; 0.06 mW (0.05 mW)                    ; 0.04 mW (0.03 mW)               ; --                                ; 0.02 mW (0.02 mW)                 ; |mycpu|ram:ram|altsyncram:altsyncram_component|altsyncram_18d1:auto_generated|sld_mod_ram_rom:mgl_prim2                                                    ;
;                     |sld_rom_sr:\ram_rom_logic_gen:name_gen:info_rom_sr       ; 0.01 mW (0.01 mW)                    ; 0.01 mW (0.01 mW)               ; --                                ; 0.00 mW (0.00 mW)                 ; |mycpu|ram:ram|altsyncram:altsyncram_component|altsyncram_18d1:auto_generated|sld_mod_ram_rom:mgl_prim2|sld_rom_sr:\ram_rom_logic_gen:name_gen:info_rom_sr ;
+-------------------------------------------------------------------------------+--------------------------------------+---------------------------------+-----------------------------------+-----------------------------------+------------------------------------------------------------------------------------------------------------------------------------------------------------+
(1) Value in parentheses is the power consumed at that level of hierarchy. Value not in parentheses is the power consumed at that level of hierarchy plus the power consumed by all levels of hierarchy below it.

(2) The "Block Thermal Static Power" for all levels of hierarchy except the top-level hierarchy is part of the "Core Static Thermal Power Dissipation" value found on the PowerPlay Power Analyzer-->Summary report panel. The "Core Static Thermal Power Dissipation" also contains the thermal static power dissipated by the routing.


+------------------------------------------------------------------------+
; Core Dynamic Thermal Power Dissipation by Clock Domain                 ;
+---------------------+-----------------------+--------------------------+
; Clock Domain        ; Clock Frequency (MHz) ; Total Core Dynamic Power ;
+---------------------+-----------------------+--------------------------+
; altera_reserved_tck ; 10.00                 ; 0.45                     ;
; No clock domain     ; 0.00                  ; 0.09                     ;
+---------------------+-----------------------+--------------------------+


+------------------------------------------------------------------------------------------------------------------------------------+
; Current Drawn from Voltage Supplies Summary                                                                                        ;
+----------------+-------------------------+---------------------------+--------------------------+----------------------------------+
; Voltage Supply ; Total Current Drawn (1) ; Dynamic Current Drawn (1) ; Static Current Drawn (1) ; Minimum Power Supply Current (2) ;
+----------------+-------------------------+---------------------------+--------------------------+----------------------------------+
; VCCINT         ; 8.99 mA                 ; 0.46 mA                   ; 8.53 mA                  ; 8.99 mA                          ;
; VCCIO          ; 8.17 mA                 ; 0.04 mA                   ; 8.13 mA                  ; 8.17 mA                          ;
; VCCA           ; 27.53 mA                ; 0.00 mA                   ; 27.53 mA                 ; 27.53 mA                         ;
; VCCD           ; 2.10 mA                 ; 0.00 mA                   ; 2.10 mA                  ; 2.10 mA                          ;
+----------------+-------------------------+---------------------------+--------------------------+----------------------------------+
(1) Currents reported in columns "Total Current Drawn", "Dynamic Current Drawn", and "Static Current Drawn" are sufficient for user operation of the device.  
(2) Currents reported in column "Minimum Power Supply Current" are sufficient for power-up, configuration, and user operation of the device.


+-----------------------------------------------------------------------------------------------+
; VCCIO Supply Current Drawn by I/O Bank                                                        ;
+----------+---------------+---------------------+-----------------------+----------------------+
; I/O Bank ; VCCIO Voltage ; Total Current Drawn ; Dynamic Current Drawn ; Static Current Drawn ;
+----------+---------------+---------------------+-----------------------+----------------------+
; 1        ; 3.3V          ; 1.22 mA             ; 0.04 mA               ; 1.18 mA              ;
; 2        ; 3.3V          ; 0.99 mA             ; 0.00 mA               ; 0.99 mA              ;
; 3        ; 3.3V          ; 0.99 mA             ; 0.00 mA               ; 0.99 mA              ;
; 4        ; 2.5V          ; 0.97 mA             ; 0.00 mA               ; 0.97 mA              ;
; 5        ; 3.3V          ; 0.99 mA             ; 0.00 mA               ; 0.99 mA              ;
; 6        ; 2.5V          ; 0.98 mA             ; 0.00 mA               ; 0.98 mA              ;
; 7        ; 3.3V          ; 1.04 mA             ; 0.00 mA               ; 1.04 mA              ;
; 8        ; 2.5V          ; 0.97 mA             ; 0.00 mA               ; 0.97 mA              ;
+----------+---------------+---------------------+-----------------------+----------------------+


+-----------------------------------------------------------------------------------------------------------------------------------+
; VCCIO Supply Current Drawn by Voltage                                                                                             ;
+---------------+-------------------------+---------------------------+--------------------------+----------------------------------+
; VCCIO Voltage ; Total Current Drawn (1) ; Dynamic Current Drawn (1) ; Static Current Drawn (1) ; Minimum Power Supply Current (2) ;
+---------------+-------------------------+---------------------------+--------------------------+----------------------------------+
; 2.5V          ; 2.93 mA                 ; 0.00 mA                   ; 2.93 mA                  ; 2.93 mA                          ;
; 3.3V          ; 5.24 mA                 ; 0.04 mA                   ; 5.20 mA                  ; 5.24 mA                          ;
+---------------+-------------------------+---------------------------+--------------------------+----------------------------------+
(1) Currents reported in columns "Total Current Drawn", "Dynamic Current Drawn", and "Static Current Drawn" are sufficient for user operation of the device.  
(2) Currents reported in column "Minimum Power Supply Current" are sufficient for power-up, configuration, and user operation of the device.


+--------------------------------------------------------------------------------------------------------------------------------------------------+
; Confidence Metric Details                                                                                                                        ;
+----------------------------------------------------------------------------------------+-------------+------------+--------------+---------------+
; Data Source                                                                            ; Total       ; Pin        ; Registered   ; Combinational ;
+----------------------------------------------------------------------------------------+-------------+------------+--------------+---------------+
; Simulation (from file)                                                                 ;             ;            ;              ;               ;
;     -- Number of signals with Toggle Rate from Simulation                              ; 0 (0.0%)    ; 0 (0.0%)   ; 0 (0.0%)     ; 0 (0.0%)      ;
;     -- Number of signals with Static Probability from Simulation                       ; 0 (0.0%)    ; 0 (0.0%)   ; 0 (0.0%)     ; 0 (0.0%)      ;
;                                                                                        ;             ;            ;              ;               ;
; Node, entity or clock assignment                                                       ;             ;            ;              ;               ;
;     -- Number of signals with Toggle Rate from Node, entity or clock assignment        ; 1 (0.1%)    ; 1 (5.0%)   ; 0 (0.0%)     ; 0 (0.0%)      ;
;     -- Number of signals with Static Probability from Node, entity or clock assignment ; 1 (0.1%)    ; 1 (5.0%)   ; 0 (0.0%)     ; 0 (0.0%)      ;
;                                                                                        ;             ;            ;              ;               ;
; Vectorless estimation                                                                  ;             ;            ;              ;               ;
;     -- Number of signals with Toggle Rate from Vectorless estimation                   ; 888 (98.9%) ; 10 (50.0%) ; 277 (100.0%) ; 601 (100.0%)  ;
;     -- Number of signals with Zero toggle rate, from Vectorless estimation             ; 6 (0.7%)    ; 1 (5.0%)   ; 0 (0.0%)     ; 5 (0.8%)      ;
;     -- Number of signals with Static Probability from Vectorless estimation            ; 888 (98.9%) ; 10 (50.0%) ; 277 (100.0%) ; 601 (100.0%)  ;
;                                                                                        ;             ;            ;              ;               ;
; Default assignment                                                                     ;             ;            ;              ;               ;
;     -- Number of signals with Toggle Rate from Default assignment                      ; 2 (0.2%)    ; 2 (10.0%)  ; 0 (0.0%)     ; 0 (0.0%)      ;
;     -- Number of signals with Static Probability from Default assignment               ; 9 (1.0%)    ; 9 (45.0%)  ; 0 (0.0%)     ; 0 (0.0%)      ;
;                                                                                        ;             ;            ;              ;               ;
; Assumed 0                                                                              ;             ;            ;              ;               ;
;     -- Number of signals with Toggle Rate assumed 0                                    ; 7 (0.8%)    ; 7 (35.0%)  ; 0 (0.0%)     ; 0 (0.0%)      ;
+----------------------------------------------------------------------------------------+-------------+------------+--------------+---------------+


+---------------------------------------------------------------------------------------------------------------------------------------------+
; Signal Activities                                                                                                                           ;
+--------+------+---------------------------------------------+-------------------------+--------------------+--------------------------------+
; Signal ; Type ; Toggle Rate (millions of transitions / sec) ; Toggle Rate Data Source ; Static Probability ; Static Probability Data Source ;
+--------+------+---------------------------------------------+-------------------------+--------------------+--------------------------------+
(1) The "Signal Activity" Table has been hidden. To show this table, please select the "Write signal activities to report file" option under "PowerPlay Power Analyzer Settings".


+-----------------------------------+
; PowerPlay Power Analyzer Messages ;
+-----------------------------------+
Info: *******************************************************************
Info: Running Quartus II 64-Bit PowerPlay Power Analyzer
    Info: Version 14.0.0 Build 200 06/17/2014 SJ Web Edition
    Info: Processing started: Thu Apr  9 12:42:06 2015
Info: Command: quartus_pow --read_settings_files=off --write_settings_files=off mycpu -c mycpu
Info (21077): Low junction temperature is 0 degrees C
Info (21077): High junction temperature is 85 degrees C
Info (332164): Evaluating HDL-embedded SDC commands
    Info (332165): Entity sld_jtag_hub
        Info (332166): create_clock -name altera_reserved_tck [get_ports {altera_reserved_tck}] -period 10MHz   
        Info (332166): set_clock_groups -asynchronous -group {altera_reserved_tck}
Critical Warning (332012): Synopsys Design Constraints File file not found: 'mycpu.sdc'. A Synopsys Design Constraints File is required by the TimeQuest Timing Analyzer to get proper timing constraints. Without it, the Compiler will not properly optimize the design.
Warning (332060): Node: KEY[0] was determined to be a clock but was found without an associated clock assignment.
    Info (13166): Register ram:ram|altsyncram:altsyncram_component|altsyncram_18d1:auto_generated|altsyncram_pne2:altsyncram1|q_a[0] is being clocked by KEY[0]
Warning (332060): Node: counter[23] was determined to be a clock but was found without an associated clock assignment.
    Info (13166): Register registers[7][7] is being clocked by counter[23]
Warning (332060): Node: CLOCK_50 was determined to be a clock but was found without an associated clock assignment.
    Info (13166): Register counter[23] is being clocked by CLOCK_50
Critical Warning (332168): The following clock transfers have no clock uncertainty assignment. For more accurate results, apply clock uncertainty assignments or use the derive_clock_uncertainty command.
    Critical Warning (332169): From altera_reserved_tck (Rise) to altera_reserved_tck (Rise) (setup and hold)
    Critical Warning (332169): From altera_reserved_tck (Rise) to altera_reserved_tck (Fall) (setup and hold)
Info (223000): Starting Vectorless Power Activity Estimation
Warning (222013): Relative toggle rates could not be calculated because no clock domain could be identified for some nodes
Info (223001): Completed Vectorless Power Activity Estimation
Info (218000): Using Advanced I/O Power to simulate I/O buffers with the specified board trace model
Info (334003): Started post-fitting delay annotation
Info (334004): Delay annotation completed successfully
Info (215049): Average toggle rate for this design is 0.485 millions of transitions / sec
Info (215031): Total thermal power estimate for the design is 106.72 mW
Info: Quartus II 64-Bit PowerPlay Power Analyzer was successful. 0 errors, 8 warnings
    Info: Peak virtual memory: 745 megabytes
    Info: Processing ended: Thu Apr  9 12:42:12 2015
    Info: Elapsed time: 00:00:06
    Info: Total CPU time (on all processors): 00:00:05


