Flow report for mycpu
Fri Apr 10 09:28:06 2015
Quartus II 64-Bit Version 14.0.0 Build 200 06/17/2014 SJ Web Edition


---------------------
; Table of Contents ;
---------------------
  1. Legal Notice
  2. Flow Summary
  3. Flow Settings
  4. Flow Non-Default Global Settings
  5. Flow Elapsed Time
  6. Flow OS Summary
  7. Flow Log
  8. Flow Messages
  9. Flow Suppressed Messages



----------------
; Legal Notice ;
----------------
Copyright (C) 1991-2014 Altera Corporation. All rights reserved.
Your use of Altera Corporation's design tools, logic functions 
and other software and tools, and its AMPP partner logic 
functions, and any output files from any of the foregoing 
(including device programming or simulation files), and any 
associated documentation or information are expressly subject 
to the terms and conditions of the Altera Program License 
Subscription Agreement, the Altera Quartus II License Agreement,
the Altera MegaCore Function License Agreement, or other 
applicable license agreement, including, without limitation, 
that your use is for the sole purpose of programming logic 
devices manufactured by Altera and sold by Altera or its 
authorized distributors.  Please refer to the applicable 
agreement for further details.



+---------------------------------------------------------------------------------+
; Flow Summary                                                                    ;
+------------------------------------+--------------------------------------------+
; Flow Status                        ; Successful - Fri Apr 10 09:28:06 2015      ;
; Quartus II 64-Bit Version          ; 14.0.0 Build 200 06/17/2014 SJ Web Edition ;
; Revision Name                      ; mycpu                                      ;
; Top-level Entity Name              ; mycpu                                      ;
; Family                             ; Cyclone IV E                               ;
; Device                             ; EP4CE22F17C6                               ;
; Timing Models                      ; Final                                      ;
; Total logic elements               ; 2,305 / 22,320 ( 10 % )                    ;
;     Total combinational functions  ; 2,275 / 22,320 ( 10 % )                    ;
;     Dedicated logic registers      ; 256 / 22,320 ( 1 % )                       ;
; Total registers                    ; 264                                        ;
; Total pins                         ; 9 / 154 ( 6 % )                            ;
; Total virtual pins                 ; 0                                          ;
; Total memory bits                  ; 4,096 / 608,256 ( < 1 % )                  ;
; Embedded Multiplier 9-bit elements ; 0 / 132 ( 0 % )                            ;
; Total PLLs                         ; 0 / 4 ( 0 % )                              ;
+------------------------------------+--------------------------------------------+


+-----------------------------------------+
; Flow Settings                           ;
+-------------------+---------------------+
; Option            ; Setting             ;
+-------------------+---------------------+
; Start date & time ; 04/10/2015 09:06:47 ;
; Main task         ; Compilation         ;
; Revision Name     ; mycpu               ;
+-------------------+---------------------+


+----------------------------------------------------------------------------------------------------------------------------------------------------+
; Flow Non-Default Global Settings                                                                                                                   ;
+-------------------------------------------------+----------------------------------------------+--------------------+-------------+----------------+
; Assignment Name                                 ; Value                                        ; Default Value      ; Entity Name ; Section Id     ;
+-------------------------------------------------+----------------------------------------------+--------------------+-------------+----------------+
; ALLOW_ANY_RAM_SIZE_FOR_RECOGNITION              ; On                                           ; Off                ; --          ; --             ;
; ALLOW_ANY_ROM_SIZE_FOR_RECOGNITION              ; On                                           ; Off                ; --          ; --             ;
; ALLOW_ANY_SHIFT_REGISTER_SIZE_FOR_RECOGNITION   ; On                                           ; Off                ; --          ; --             ;
; ALLOW_SHIFT_REGISTER_MERGING_ACROSS_HIERARCHIES ; Always                                       ; Auto               ; --          ; --             ;
; AUTO_PACKED_REGISTERS_STRATIXII                 ; Normal                                       ; Auto               ; --          ; --             ;
; AUTO_SHIFT_REGISTER_RECOGNITION                 ; Always                                       ; Auto               ; --          ; --             ;
; COMPILER_SIGNATURE_ID                           ; 8796749370613.142867120703616                ; --                 ; --          ; --             ;
; CYCLONEII_OPTIMIZATION_TECHNIQUE                ; Speed                                        ; Balanced           ; --          ; --             ;
; EDA_ENABLE_IPUTF_MODE                           ; Off                                          ; --                 ; --          ; eda_simulation ;
; EDA_GENERATE_FUNCTIONAL_NETLIST                 ; On                                           ; --                 ; --          ; eda_simulation ;
; EDA_NETLIST_WRITER_OUTPUT_DIR                   ; /home/mnolan/projects/mycpu/simulation/qsim/ ; --                 ; --          ; eda_simulation ;
; EDA_OUTPUT_DATA_FORMAT                          ; Verilog Hdl                                  ; --                 ; --          ; eda_simulation ;
; EDA_SIMULATION_TOOL                             ; ModelSim-Altera (Verilog)                    ; <None>             ; --          ; --             ;
; EDA_TIME_SCALE                                  ; 1 ps                                         ; --                 ; --          ; eda_simulation ;
; IP_GENERATED_DEVICE_FAMILY                      ; {Cyclone IV E}                               ; --                 ; --          ; --             ;
; IP_GENERATED_DEVICE_FAMILY                      ; {Cyclone IV E}                               ; --                 ; --          ; --             ;
; IP_GENERATED_DEVICE_FAMILY                      ; {Cyclone IV E}                               ; --                 ; --          ; --             ;
; IP_TOOL_NAME                                    ; ROM: 1-PORT                                  ; --                 ; --          ; --             ;
; IP_TOOL_NAME                                    ; RAM: 2-PORT                                  ; --                 ; --          ; --             ;
; IP_TOOL_NAME                                    ; LPM_CLSHIFT                                  ; --                 ; --          ; --             ;
; IP_TOOL_VERSION                                 ; 14.0                                         ; --                 ; --          ; --             ;
; IP_TOOL_VERSION                                 ; 14.0                                         ; --                 ; --          ; --             ;
; IP_TOOL_VERSION                                 ; 14.0                                         ; --                 ; --          ; --             ;
; MAX_CORE_JUNCTION_TEMP                          ; 85                                           ; --                 ; --          ; --             ;
; MIN_CORE_JUNCTION_TEMP                          ; 0                                            ; --                 ; --          ; --             ;
; MUX_RESTRUCTURE                                 ; Off                                          ; Auto               ; --          ; --             ;
; OPTIMIZE_POWER_DURING_FITTING                   ; Off                                          ; Normal compilation ; --          ; --             ;
; OUTPUT_IO_TIMING_FAR_END_VMEAS                  ; Half Signal Swing                            ; --                 ; --          ; --             ;
; OUTPUT_IO_TIMING_FAR_END_VMEAS                  ; Half Signal Swing                            ; --                 ; --          ; --             ;
; OUTPUT_IO_TIMING_NEAR_END_VMEAS                 ; Half Vccio                                   ; --                 ; --          ; --             ;
; OUTPUT_IO_TIMING_NEAR_END_VMEAS                 ; Half Vccio                                   ; --                 ; --          ; --             ;
; PARTITION_COLOR                                 ; 16764057                                     ; --                 ; --          ; Top            ;
; PARTITION_FITTER_PRESERVATION_LEVEL             ; PLACEMENT_AND_ROUTING                        ; --                 ; --          ; Top            ;
; PARTITION_NETLIST_TYPE                          ; SOURCE                                       ; --                 ; --          ; Top            ;
; POWER_BOARD_THERMAL_MODEL                       ; None (CONSERVATIVE)                          ; --                 ; --          ; --             ;
; POWER_DEFAULT_INPUT_IO_TOGGLE_RATE              ; 12.5 %                                       ; 12.5%              ; --          ; --             ;
; POWER_PRESET_COOLING_SOLUTION                   ; 23 MM HEAT SINK WITH 200 LFPM AIRFLOW        ; --                 ; --          ; --             ;
; PROJECT_OUTPUT_DIRECTORY                        ; output_files                                 ; --                 ; --          ; --             ;
; REMOVE_REDUNDANT_LOGIC_CELLS                    ; On                                           ; Off                ; --          ; --             ;
; ROUTER_LCELL_INSERTION_AND_LOGIC_DUPLICATION    ; On                                           ; Auto               ; --          ; --             ;
; ROUTER_TIMING_OPTIMIZATION_LEVEL                ; MAXIMUM                                      ; Normal             ; --          ; --             ;
; SMART_RECOMPILE                                 ; On                                           ; Off                ; --          ; --             ;
+-------------------------------------------------+----------------------------------------------+--------------------+-------------+----------------+


+-------------------------------------------------------------------------------------------------------------------------------+
; Flow Elapsed Time                                                                                                             ;
+---------------------------+--------------+-------------------------+---------------------+------------------------------------+
; Module Name               ; Elapsed Time ; Average Processors Used ; Peak Virtual Memory ; Total CPU Time (on all processors) ;
+---------------------------+--------------+-------------------------+---------------------+------------------------------------+
; Analysis & Synthesis      ; 00:00:24     ; 1.0                     ; 786 MB              ; 00:00:22                           ;
; Fitter                    ; 00:00:42     ; 1.5                     ; 985 MB              ; 00:00:42                           ;
; Assembler                 ; 00:00:03     ; 1.0                     ; 688 MB              ; 00:00:02                           ;
; TimeQuest Timing Analyzer ; 00:00:05     ; 1.2                     ; 733 MB              ; 00:00:05                           ;
; EDA Netlist Writer        ; 00:00:02     ; 1.0                     ; 906 MB              ; 00:00:02                           ;
; MIF/HEX Update            ; 00:00:02     ; 1.0                     ; 967 MB              ; 00:00:01                           ;
; Assembler                 ; 00:00:04     ; 1.0                     ; 699 MB              ; 00:00:03                           ;
; EDA Netlist Writer        ; 00:00:02     ; 1.0                     ; 909 MB              ; 00:00:02                           ;
; MIF/HEX Update            ; 00:00:01     ; 1.0                     ; 968 MB              ; 00:00:01                           ;
; Assembler                 ; 00:00:02     ; 1.0                     ; 695 MB              ; 00:00:02                           ;
; EDA Netlist Writer        ; 00:00:01     ; 1.0                     ; 904 MB              ; 00:00:02                           ;
; MIF/HEX Update            ; 00:00:01     ; 1.0                     ; 958 MB              ; 00:00:01                           ;
; Assembler                 ; 00:00:02     ; 1.0                     ; 691 MB              ; 00:00:02                           ;
; EDA Netlist Writer        ; 00:00:02     ; 1.0                     ; 904 MB              ; 00:00:02                           ;
; MIF/HEX Update            ; 00:00:02     ; 1.0                     ; 967 MB              ; 00:00:01                           ;
; Assembler                 ; 00:00:02     ; 1.0                     ; 695 MB              ; 00:00:02                           ;
; EDA Netlist Writer        ; 00:00:02     ; 1.0                     ; 909 MB              ; 00:00:02                           ;
; Total                     ; 00:01:39     ; --                      ; --                  ; 00:01:34                           ;
+---------------------------+--------------+-------------------------+---------------------+------------------------------------+


+-----------------------------------------------------------------------------------------------+
; Flow OS Summary                                                                               ;
+---------------------------+------------------+------------------+------------+----------------+
; Module Name               ; Machine Hostname ; OS Name          ; OS Version ; Processor type ;
+---------------------------+------------------+------------------+------------+----------------+
; Analysis & Synthesis      ; debian           ; Debian GNU/Linux ; 7          ; x86_64         ;
; Fitter                    ; debian           ; Debian GNU/Linux ; 7          ; x86_64         ;
; Assembler                 ; debian           ; Debian GNU/Linux ; 7          ; x86_64         ;
; TimeQuest Timing Analyzer ; debian           ; Debian GNU/Linux ; 7          ; x86_64         ;
; EDA Netlist Writer        ; debian           ; Debian GNU/Linux ; 7          ; x86_64         ;
; MIF/HEX Update            ; debian           ; Debian GNU/Linux ; 7          ; x86_64         ;
; Assembler                 ; debian           ; Debian GNU/Linux ; 7          ; x86_64         ;
; EDA Netlist Writer        ; debian           ; Debian GNU/Linux ; 7          ; x86_64         ;
; MIF/HEX Update            ; debian           ; Debian GNU/Linux ; 7          ; x86_64         ;
; Assembler                 ; debian           ; Debian GNU/Linux ; 7          ; x86_64         ;
; EDA Netlist Writer        ; debian           ; Debian GNU/Linux ; 7          ; x86_64         ;
; MIF/HEX Update            ; debian           ; Debian GNU/Linux ; 7          ; x86_64         ;
; Assembler                 ; debian           ; Debian GNU/Linux ; 7          ; x86_64         ;
; EDA Netlist Writer        ; debian           ; Debian GNU/Linux ; 7          ; x86_64         ;
; MIF/HEX Update            ; debian           ; Debian GNU/Linux ; 7          ; x86_64         ;
; Assembler                 ; debian           ; Debian GNU/Linux ; 7          ; x86_64         ;
; EDA Netlist Writer        ; debian           ; Debian GNU/Linux ; 7          ; x86_64         ;
+---------------------------+------------------+------------------+------------+----------------+


------------
; Flow Log ;
------------
quartus_map --read_settings_files=on --write_settings_files=off mycpu -c mycpu
quartus_fit --read_settings_files=off --write_settings_files=off mycpu -c mycpu
quartus_asm --read_settings_files=off --write_settings_files=off mycpu -c mycpu
quartus_sta mycpu -c mycpu
quartus_eda --read_settings_files=off --write_settings_files=off mycpu -c mycpu
quartus_cdb mycpu -c mycpu --update_mif
quartus_asm --read_settings_files=on --write_settings_files=off mycpu -c mycpu
quartus_eda --read_settings_files=off --write_settings_files=off mycpu -c mycpu
quartus_cdb mycpu -c mycpu --update_mif
quartus_asm --read_settings_files=on --write_settings_files=off mycpu -c mycpu
quartus_eda --read_settings_files=off --write_settings_files=off mycpu -c mycpu
quartus_cdb mycpu -c mycpu --update_mif
quartus_asm --read_settings_files=on --write_settings_files=off mycpu -c mycpu
quartus_eda --read_settings_files=off --write_settings_files=off mycpu -c mycpu
quartus_cdb mycpu -c mycpu --update_mif
quartus_asm --read_settings_files=on --write_settings_files=off mycpu -c mycpu
quartus_eda --read_settings_files=off --write_settings_files=off mycpu -c mycpu



